Baiduditu9_6Demo/baiduDemon/build/outputs/logs/manifest-merger-debug-report.txt
-- Merging decision tree log ---
manifest
ADDED from src\main\AndroidManifest.xml:2:1-63:12
	package
		ADDED from src\main\AndroidManifest.xml:3:5-42
		INJECTED from src\main\AndroidManifest.xml
		INJECTED from src\main\AndroidManifest.xml
	android:versionName
		ADDED from src\main\AndroidManifest.xml:5:5-32
		INJECTED from src\main\AndroidManifest.xml
		INJECTED from src\main\AndroidManifest.xml
	android:versionCode
		ADDED from src\main\AndroidManifest.xml:4:5-30
		INJECTED from src\main\AndroidManifest.xml
		INJECTED from src\main\AndroidManifest.xml
	xmlns:android
		ADDED from src\main\AndroidManifest.xml:2:11-69
uses-sdk
ADDED from src\main\AndroidManifest.xml:7:5-9:41
	android:targetSdkVersion
		ADDED from src\main\AndroidManifest.xml:9:9-38
		INJECTED from src\main\AndroidManifest.xml
		INJECTED from src\main\AndroidManifest.xml
	android:minSdkVersion
		ADDED from src\main\AndroidManifest.xml:8:9-35
		INJECTED from src\main\AndroidManifest.xml
		INJECTED from src\main\AndroidManifest.xml
uses-permission#android.permission.ACCESS_COARSE_LOCATION
ADDED from src\main\AndroidManifest.xml:11:5-97
	android:name
		ADDED from src\main\AndroidManifest.xml:11:22-78
uses-permission#android.permission.ACCESS_FINE_LOCATION
ADDED from src\main\AndroidManifest.xml:12:5-95
	android:name
		ADDED from src\main\AndroidManifest.xml:12:22-76
uses-permission#android.permission.ACCESS_WIFI_STATE
ADDED from src\main\AndroidManifest.xml:13:5-92
	android:name
		ADDED from src\main\AndroidManifest.xml:13:22-73
uses-permission#android.permission.ACCESS_NETWORK_STATE
ADDED from src\main\AndroidManifest.xml:14:5-95
	android:name
		ADDED from src\main\AndroidManifest.xml:14:22-76
uses-permission#android.permission.CHANGE_WIFI_STATE
ADDED from src\main\AndroidManifest.xml:15:5-92
	android:name
		ADDED from src\main\AndroidManifest.xml:15:22-73
uses-permission#android.permission.READ_PHONE_STATE
ADDED from src\main\AndroidManifest.xml:16:5-91
	android:name
		ADDED from src\main\AndroidManifest.xml:16:22-72
uses-permission#android.permission.WRITE_EXTERNAL_STORAGE
ADDED from src\main\AndroidManifest.xml:17:5-97
	android:name
		ADDED from src\main\AndroidManifest.xml:17:22-78
uses-permission#android.permission.INTERNET
ADDED from src\main\AndroidManifest.xml:18:5-67
	android:name
		ADDED from src\main\AndroidManifest.xml:18:22-64
uses-permission#android.permission.MOUNT_UNMOUNT_FILESYSTEMS
ADDED from src\main\AndroidManifest.xml:19:5-100
	android:name
		ADDED from src\main\AndroidManifest.xml:19:22-81
uses-permission#android.permission.READ_LOGS
ADDED from src\main\AndroidManifest.xml:20:5-84
	android:name
		ADDED from src\main\AndroidManifest.xml:20:22-65
uses-permission#android.permission.VIBRATE
ADDED from src\main\AndroidManifest.xml:21:5-66
	android:name
		ADDED from src\main\AndroidManifest.xml:21:22-63
uses-permission#android.permission.WAKE_LOCK
ADDED from src\main\AndroidManifest.xml:22:5-68
	android:name
		ADDED from src\main\AndroidManifest.xml:22:22-65
uses-permission#android.permission.WRITE_SETTINGS
ADDED from src\main\AndroidManifest.xml:23:5-73
	android:name
		ADDED from src\main\AndroidManifest.xml:23:22-70
application
ADDED from src\main\AndroidManifest.xml:25:5-61:19
	android:label
		ADDED from src\main\AndroidManifest.xml:29:9-41
	android:allowBackup
		ADDED from src\main\AndroidManifest.xml:27:9-35
	android:icon
		ADDED from src\main\AndroidManifest.xml:28:9-45
	android:theme
		ADDED from src\main\AndroidManifest.xml:30:9-51
	android:name
		ADDED from src\main\AndroidManifest.xml:26:9-67
service#com.baidu.location.f
ADDED from src\main\AndroidManifest.xml:31:9-38:19
	android:enabled
		ADDED from src\main\AndroidManifest.xml:33:13-35
	android:process
		ADDED from src\main\AndroidManifest.xml:34:13-38
	android:name
		ADDED from src\main\AndroidManifest.xml:32:13-48
intent-filter#com.baidu.location.service_v2.2
ADDED from src\main\AndroidManifest.xml:35:13-37:29
action#com.baidu.location.service_v2.2
ADDED from src\main\AndroidManifest.xml:36:17-81
	android:name
		ADDED from src\main\AndroidManifest.xml:36:25-71
meta-data#com.baidu.lbsapi.API_KEY
ADDED from src\main\AndroidManifest.xml:39:9-41:64
	android:value
		ADDED from src\main\AndroidManifest.xml:41:13-61
	android:name
		ADDED from src\main\AndroidManifest.xml:40:13-52
activity#com.baidu.location.demo.MainActivity
ADDED from src\main\AndroidManifest.xml:44:9-52:20
	android:label
		ADDED from src\main\AndroidManifest.xml:46:13-45
	android:name
		ADDED from src\main\AndroidManifest.xml:45:13-64
intent-filter#android.intent.action.MAIN+android.intent.category.LAUNCHER
ADDED from src\main\AndroidManifest.xml:47:13-51:29
action#android.intent.action.MAIN
ADDED from src\main\AndroidManifest.xml:48:17-69
	android:name
		ADDED from src\main\AndroidManifest.xml:48:25-66
category#android.intent.category.LAUNCHER
ADDED from src\main\AndroidManifest.xml:50:17-77
	android:name
		ADDED from src\main\AndroidManifest.xml:50:27-74
activity#com.baidu.location.demo.LocationActivity
ADDED from src\main\AndroidManifest.xml:53:9-86
	android:name
		ADDED from src\main\AndroidManifest.xml:53:19-74
activity#com.baidu.location.demo.LocationOption
ADDED from src\main\AndroidManifest.xml:54:9-84
	android:name
		ADDED from src\main\AndroidManifest.xml:54:19-72
activity#com.baidu.location.demo.LocationFilter
ADDED from src\main\AndroidManifest.xml:55:9-84
	android:name
		ADDED from src\main\AndroidManifest.xml:55:19-72
activity#com.baidu.location.demo.NotifyActivity
ADDED from src\main\AndroidManifest.xml:56:9-84
	android:name
		ADDED from src\main\AndroidManifest.xml:56:19-72
activity#com.baidu.location.demo.QuestActivity
ADDED from src\main\AndroidManifest.xml:57:9-83
	android:name
		ADDED from src\main\AndroidManifest.xml:57:19-71
activity#com.baidu.location.demo.LocationAutoNotify
ADDED from src\main\AndroidManifest.xml:58:9-88
	android:name
		ADDED from src\main\AndroidManifest.xml:58:19-76
activity#com.baidu.location.demo.IndoorLocationActivity
ADDED from src\main\AndroidManifest.xml:59:9-92
	android:name
		ADDED from src\main\AndroidManifest.xml:59:19-80
activity#com.baidu.location.demo.IsHotWifiActivity
ADDED from src\main\AndroidManifest.xml:60:9-87
	android:name
		ADDED from src\main\AndroidManifest.xml:60:19-75